build/app/intermediates/manifest_merge_blame_file/debug/manifest-merger-blame-debug-report.txt
1<?xml version="1.0" encoding="utf-8"?>
2<manifest xmlns:android="http://schemas.android.com/apk/res/android"
3    package="com.example.demo_flutter_ex1"
4    android:versionCode="1"
5    android:versionName="1.0.0" >
6
7    <uses-sdk
8        android:minSdkVersion="21"
9        android:targetSdkVersion="35" />
10    <!--
11         The INTERNET permission is required for development. Specifically,
12         the Flutter tool needs it to communicate with the running application
13         to allow setting breakpoints, to provide hot reload, etc.
14    -->
15    <uses-permission android:name="android.permission.INTERNET" />
15-->src\debug\AndroidManifest.xml:6:5-66
15-->src\debug\AndroidManifest.xml:6:22-64
16    <!--
17     Required to query activities that can process text, see:
18         https://developer.android.com/training/package-visibility and
19         https://developer.android.com/reference/android/content/Intent#ACTION_PROCESS_TEXT.
20
21         In particular, this is used by the Flutter engine in io.flutter.plugin.text.ProcessTextPlugin.
22    -->
23    <queries>
23-->src\main\AndroidManifest.xml:39:5-44:15
24        <intent>
24-->src\main\AndroidManifest.xml:40:9-43:18
25            <action android:name="android.intent.action.PROCESS_TEXT" />
25-->src\main\AndroidManifest.xml:41:13-72
25-->src\main\AndroidManifest.xml:41:21-70
26
27            <data android:mimeType="text/plain" />
27-->src\main\AndroidManifest.xml:42:13-50
27-->src\main\AndroidManifest.xml:42:19-48
28        </intent>
29    </queries>
30
31    <uses-permission android:name="android.permission.CAMERA" />
31-->[:camera_android] AndroidManifest.xml:7:5-65
31-->[:camera_android] AndroidManifest.xml:7:22-62
32    <uses-permission android:name="android.permission.RECORD_AUDIO" />
32-->[:camera_android] AndroidManifest.xml:8:5-71
32-->[:camera_android] AndroidManifest.xml:8:22-68
33
34    <uses-feature android:name="android.hardware.camera" />
34-->[:flutter_barcode_scanner] AndroidManifest.xml:9:5-60
34-->[:flutter_barcode_scanner] AndroidManifest.xml:9:19-57
35
36    <uses-permission android:name="android.permission.FLASHLIGHT" />
36-->[:flutter_barcode_scanner] AndroidManifest.xml:11:5-69
36-->[:flutter_barcode_scanner] AndroidManifest.xml:11:22-66
37
38    <permission
38-->[androidx.core:core:1.13.1] AndroidManifest.xml:22:5-24:47
39        android:name="com.example.demo_flutter_ex1.DYNAMIC_RECEIVER_NOT_EXPORTED_PERMISSION"
39-->[androidx.core:core:1.13.1] AndroidManifest.xml:23:9-81
40        android:protectionLevel="signature" />
40-->[androidx.core:core:1.13.1] AndroidManifest.xml:24:9-44
41
42    <uses-permission android:name="com.example.demo_flutter_ex1.DYNAMIC_RECEIVER_NOT_EXPORTED_PERMISSION" />
42-->[androidx.core:core:1.13.1] AndroidManifest.xml:26:5-97
42-->[androidx.core:core:1.13.1] AndroidManifest.xml:26:22-94
43
44    <uses-feature
44-->[com.journeyapps:zxing-android-embedded:4.3.0] AndroidManifest.xml:28:5-30:36
45        android:name="android.hardware.camera.front"
45-->[com.journeyapps:zxing-android-embedded:4.3.0] AndroidManifest.xml:29:9-53
46        android:required="false" /> <!-- TODO replace above two with next line after Android 4.2 -->
46-->[com.journeyapps:zxing-android-embedded:4.3.0] AndroidManifest.xml:30:9-33
47    <!-- <uses-feature android:name="android.hardware.camera.any"/> -->
48    <uses-feature
48-->[com.journeyapps:zxing-android-embedded:4.3.0] AndroidManifest.xml:33:5-35:36
49        android:name="android.hardware.camera.autofocus"
49-->[com.journeyapps:zxing-android-embedded:4.3.0] AndroidManifest.xml:34:9-57
50        android:required="false" />
50-->[com.journeyapps:zxing-android-embedded:4.3.0] AndroidManifest.xml:35:9-33
51    <uses-feature
51-->[com.journeyapps:zxing-android-embedded:4.3.0] AndroidManifest.xml:36:5-38:36
52        android:name="android.hardware.camera.flash"
52-->[com.journeyapps:zxing-android-embedded:4.3.0] AndroidManifest.xml:37:9-53
53        android:required="false" />
53-->[com.journeyapps:zxing-android-embedded:4.3.0] AndroidManifest.xml:38:9-33
54    <uses-feature
54-->[com.journeyapps:zxing-android-embedded:4.3.0] AndroidManifest.xml:39:5-41:36
55        android:name="android.hardware.screen.landscape"
55-->[com.journeyapps:zxing-android-embedded:4.3.0] AndroidManifest.xml:40:9-57
56        android:required="false" />
56-->[com.journeyapps:zxing-android-embedded:4.3.0] AndroidManifest.xml:41:9-33
57    <uses-feature
57-->[com.journeyapps:zxing-android-embedded:4.3.0] AndroidManifest.xml:42:5-44:36
58        android:name="android.hardware.wifi"
58-->[com.journeyapps:zxing-android-embedded:4.3.0] AndroidManifest.xml:43:9-45
59        android:required="false" />
59-->[com.journeyapps:zxing-android-embedded:4.3.0] AndroidManifest.xml:44:9-33
60
61    <application
62        android:name="android.app.Application"
63        android:appComponentFactory="androidx.core.app.CoreComponentFactory"
63-->[androidx.core:core:1.13.1] AndroidManifest.xml:28:18-86
64        android:debuggable="true"
65        android:icon="@mipmap/ic_launcher"
66        android:label="demo_flutter_ex1"
67        android:largeHeap="true"
67-->[:flutter_barcode_scanner] AndroidManifest.xml:14:9-33
68        android:theme="@style/Theme.AppCompat.NoActionBar" >
68-->[:flutter_barcode_scanner] AndroidManifest.xml:15:9-59
69        <activity
70            android:name="com.example.demo_flutter_ex1.MainActivity"
71            android:configChanges="orientation|keyboardHidden|keyboard|screenSize|smallestScreenSize|locale|layoutDirection|fontScale|screenLayout|density|uiMode"
72            android:exported="true"
73            android:hardwareAccelerated="true"
74            android:launchMode="singleTop"
75            android:taskAffinity=""
76            android:theme="@style/LaunchTheme"
77            android:windowSoftInputMode="adjustResize" >
78
79            <!--
80                 Specifies an Android theme to apply to this Activity as soon as
81                 the Android process has started. This theme is visible to the user
82                 while the Flutter UI initializes. After that, this theme continues
83                 to determine the Window background behind the Flutter UI.
84            -->
85            <meta-data
86                android:name="io.flutter.embedding.android.NormalTheme"
87                android:resource="@style/NormalTheme" />
88
89            <intent-filter>
90                <action android:name="android.intent.action.MAIN" />
91
92                <category android:name="android.intent.category.LAUNCHER" />
93            </intent-filter>
94        </activity>
95        <!--
96             Don't delete the meta-data below.
97             This is used by the Flutter tool to generate GeneratedPluginRegistrant.java
98        -->
99        <meta-data
100            android:name="flutterEmbedding"
101            android:value="2" />
102
103        <activity android:name="com.amolg.flutterbarcodescanner.BarcodeCaptureActivity" />
103-->[:flutter_barcode_scanner] AndroidManifest.xml:16:9-91
103-->[:flutter_barcode_scanner] AndroidManifest.xml:16:19-88
104
105        <provider
105-->[:image_picker_android] AndroidManifest.xml:9:9-17:20
106            android:name="io.flutter.plugins.imagepicker.ImagePickerFileProvider"
106-->[:image_picker_android] AndroidManifest.xml:10:13-82
107            android:authorities="com.example.demo_flutter_ex1.flutter.image_provider"
107-->[:image_picker_android] AndroidManifest.xml:11:13-74
108            android:exported="false"
108-->[:image_picker_android] AndroidManifest.xml:12:13-37
109            android:grantUriPermissions="true" >
109-->[:image_picker_android] AndroidManifest.xml:13:13-47
110            <meta-data
110-->[:image_picker_android] AndroidManifest.xml:14:13-16:75
111                android:name="android.support.FILE_PROVIDER_PATHS"
111-->[:image_picker_android] AndroidManifest.xml:15:17-67
112                android:resource="@xml/flutter_image_picker_file_paths" />
112-->[:image_picker_android] AndroidManifest.xml:16:17-72
113        </provider> <!-- Trigger Google Play services to install the backported photo picker module. -->
114        <service
114-->[:image_picker_android] AndroidManifest.xml:19:9-31:19
115            android:name="com.google.android.gms.metadata.ModuleDependencies"
115-->[:image_picker_android] AndroidManifest.xml:20:13-78
116            android:enabled="false"
116-->[:image_picker_android] AndroidManifest.xml:21:13-36
117            android:exported="false" >
117-->[:image_picker_android] AndroidManifest.xml:22:13-37
118            <intent-filter>
118-->[:image_picker_android] AndroidManifest.xml:24:13-26:29
119                <action android:name="com.google.android.gms.metadata.MODULE_DEPENDENCIES" />
119-->[:image_picker_android] AndroidManifest.xml:25:17-94
119-->[:image_picker_android] AndroidManifest.xml:25:25-91
120            </intent-filter>
121
122            <meta-data
122-->[:image_picker_android] AndroidManifest.xml:28:13-30:36
123                android:name="photopicker_activity:0:required"
123-->[:image_picker_android] AndroidManifest.xml:29:17-63
124                android:value="" />
124-->[:image_picker_android] AndroidManifest.xml:30:17-33
125        </service>
126
127        <activity
127-->[com.google.android.gms:play-services-base:17.4.0] AndroidManifest.xml:23:9-26:75
128            android:name="com.google.android.gms.common.api.GoogleApiActivity"
128-->[com.google.android.gms:play-services-base:17.4.0] AndroidManifest.xml:24:13-79
129            android:exported="false"
129-->[com.google.android.gms:play-services-base:17.4.0] AndroidManifest.xml:25:13-37
130            android:theme="@android:style/Theme.Translucent.NoTitleBar" />
130-->[com.google.android.gms:play-services-base:17.4.0] AndroidManifest.xml:26:13-72
131
132        <meta-data
132-->[com.google.android.gms:play-services-basement:17.4.0] AndroidManifest.xml:23:9-25:69
133            android:name="com.google.android.gms.version"
133-->[com.google.android.gms:play-services-basement:17.4.0] AndroidManifest.xml:24:13-58
134            android:value="@integer/google_play_services_version" />
134-->[com.google.android.gms:play-services-basement:17.4.0] AndroidManifest.xml:25:13-66
135
136        <uses-library
136-->[androidx.window:window:1.2.0] AndroidManifest.xml:23:9-25:40
137            android:name="androidx.window.extensions"
137-->[androidx.window:window:1.2.0] AndroidManifest.xml:24:13-54
138            android:required="false" />
138-->[androidx.window:window:1.2.0] AndroidManifest.xml:25:13-37
139        <uses-library
139-->[androidx.window:window:1.2.0] AndroidManifest.xml:26:9-28:40
140            android:name="androidx.window.sidecar"
140-->[androidx.window:window:1.2.0] AndroidManifest.xml:27:13-51
141            android:required="false" />
141-->[androidx.window:window:1.2.0] AndroidManifest.xml:28:13-37
142
143        <provider
143-->[androidx.emoji2:emoji2:1.0.0] AndroidManifest.xml:26:9-34:20
144            android:name="androidx.startup.InitializationProvider"
144-->[androidx.emoji2:emoji2:1.0.0] AndroidManifest.xml:27:13-67
145            android:authorities="com.example.demo_flutter_ex1.androidx-startup"
145-->[androidx.emoji2:emoji2:1.0.0] AndroidManifest.xml:28:13-68
146            android:exported="false" >
146-->[androidx.emoji2:emoji2:1.0.0] AndroidManifest.xml:29:13-37
147            <meta-data
147-->[androidx.emoji2:emoji2:1.0.0] AndroidManifest.xml:31:13-33:52
148                android:name="androidx.emoji2.text.EmojiCompatInitializer"
148-->[androidx.emoji2:emoji2:1.0.0] AndroidManifest.xml:32:17-75
149                android:value="androidx.startup" />
149-->[androidx.emoji2:emoji2:1.0.0] AndroidManifest.xml:33:17-49
150            <meta-data
150-->[androidx.lifecycle:lifecycle-process:2.7.0] AndroidManifest.xml:29:13-31:52
151                android:name="androidx.lifecycle.ProcessLifecycleInitializer"
151-->[androidx.lifecycle:lifecycle-process:2.7.0] AndroidManifest.xml:30:17-78
152                android:value="androidx.startup" />
152-->[androidx.lifecycle:lifecycle-process:2.7.0] AndroidManifest.xml:31:17-49
153            <meta-data
153-->[androidx.profileinstaller:profileinstaller:1.3.1] AndroidManifest.xml:29:13-31:52
154                android:name="androidx.profileinstaller.ProfileInstallerInitializer"
154-->[androidx.profileinstaller:profileinstaller:1.3.1] AndroidManifest.xml:30:17-85
155                android:value="androidx.startup" />
155-->[androidx.profileinstaller:profileinstaller:1.3.1] AndroidManifest.xml:31:17-49
156        </provider>
157
158        <receiver
158-->[androidx.profileinstaller:profileinstaller:1.3.1] AndroidManifest.xml:34:9-52:20
159            android:name="androidx.profileinstaller.ProfileInstallReceiver"
159-->[androidx.profileinstaller:profileinstaller:1.3.1] AndroidManifest.xml:35:13-76
160            android:directBootAware="false"
160-->[androidx.profileinstaller:profileinstaller:1.3.1] AndroidManifest.xml:36:13-44
161            android:enabled="true"
161-->[androidx.profileinstaller:profileinstaller:1.3.1] AndroidManifest.xml:37:13-35
162            android:exported="true"
162-->[androidx.profileinstaller:profileinstaller:1.3.1] AndroidManifest.xml:38:13-36
163            android:permission="android.permission.DUMP" >
163-->[androidx.profileinstaller:profileinstaller:1.3.1] AndroidManifest.xml:39:13-57
164            <intent-filter>
164-->[androidx.profileinstaller:profileinstaller:1.3.1] AndroidManifest.xml:40:13-42:29
165                <action android:name="androidx.profileinstaller.action.INSTALL_PROFILE" />
165-->[androidx.profileinstaller:profileinstaller:1.3.1] AndroidManifest.xml:41:17-91
165-->[androidx.profileinstaller:profileinstaller:1.3.1] AndroidManifest.xml:41:25-88
166            </intent-filter>
167            <intent-filter>
167-->[androidx.profileinstaller:profileinstaller:1.3.1] AndroidManifest.xml:43:13-45:29
168                <action android:name="androidx.profileinstaller.action.SKIP_FILE" />
168-->[androidx.profileinstaller:profileinstaller:1.3.1] AndroidManifest.xml:44:17-85
168-->[androidx.profileinstaller:profileinstaller:1.3.1] AndroidManifest.xml:44:25-82
169            </intent-filter>
170            <intent-filter>
170-->[androidx.profileinstaller:profileinstaller:1.3.1] AndroidManifest.xml:46:13-48:29
171                <action android:name="androidx.profileinstaller.action.SAVE_PROFILE" />
171-->[androidx.profileinstaller:profileinstaller:1.3.1] AndroidManifest.xml:47:17-88
171-->[androidx.profileinstaller:profileinstaller:1.3.1] AndroidManifest.xml:47:25-85
172            </intent-filter>
173            <intent-filter>
173-->[androidx.profileinstaller:profileinstaller:1.3.1] AndroidManifest.xml:49:13-51:29
174                <action android:name="androidx.profileinstaller.action.BENCHMARK_OPERATION" />
174-->[androidx.profileinstaller:profileinstaller:1.3.1] AndroidManifest.xml:50:17-95
174-->[androidx.profileinstaller:profileinstaller:1.3.1] AndroidManifest.xml:50:25-92
175            </intent-filter>
176        </receiver>
177
178        <activity
178-->[com.journeyapps:zxing-android-embedded:4.3.0] AndroidManifest.xml:47:9-53:63
179            android:name="com.journeyapps.barcodescanner.CaptureActivity"
179-->[com.journeyapps:zxing-android-embedded:4.3.0] AndroidManifest.xml:48:13-74
180            android:clearTaskOnLaunch="true"
180-->[com.journeyapps:zxing-android-embedded:4.3.0] AndroidManifest.xml:49:13-45
181            android:screenOrientation="sensorLandscape"
181-->[com.journeyapps:zxing-android-embedded:4.3.0] AndroidManifest.xml:50:13-56
182            android:stateNotNeeded="true"
182-->[com.journeyapps:zxing-android-embedded:4.3.0] AndroidManifest.xml:51:13-42
183            android:theme="@style/zxing_CaptureTheme"
183-->[com.journeyapps:zxing-android-embedded:4.3.0] AndroidManifest.xml:52:13-54
184            android:windowSoftInputMode="stateAlwaysHidden" />
184-->[com.journeyapps:zxing-android-embedded:4.3.0] AndroidManifest.xml:53:13-60
185    </application>
186
187</manifest>